PLINK v1.90b7 64-bit (16 Jan 2023)
Options in effect:
  --bfile bfile_og/5374_indiv_586000_SNPs_hg38_020725.hg19.ch.fl.bgn
  --extract range CYPSconventana.txt
  --keep 660indv.txt
  --make-bed
  --out 660indivCYPS_SNPs_19_02_26

Hostname: terpsichore.ccc.uam.es
Working directory: /lustre/home/cpodaru
Start time: Thu Feb 19 11:37:52 2026

Random number seed: 1771497472
128289 MB RAM detected; reserving 64144 MB for main workspace.
9060687 variants loaded from .bim file.
5374 people (2660 males, 2714 females) loaded from .fam.
5374 phenotype values loaded from .fam.
--extract range: 9059744 variants excluded.
--extract range: 943 variants remaining.
--keep: 660 people remaining.
Using 1 thread (no multithreaded calculations invoked).
Before main variant filters, 660 founders and 0 nonfounders present.
Calculating allele frequencies... done.
Total genotyping rate in remaining samples is 0.99509.
943 variants and 660 people pass filters and QC.
Among remaining phenotypes, 382 are cases and 278 are controls.
--make-bed to 660indivCYPS_SNPs_19_02_26.bed + 660indivCYPS_SNPs_19_02_26.bim +
660indivCYPS_SNPs_19_02_26.fam ... done.

End time: Thu Feb 19 11:37:55 2026
