PLINK v1.90b7 64-bit (16 Jan 2023)
Options in effect:
  --bfile g1000_noFinnish
  --extract CYP1A2_rs.txt
  --out CYP1A2_rs_LD
  --r2

Hostname: terpsichore.ccc.uam.es
Working directory: /lustre/NodoBIO/genpsych/Our_GWAS
Start time: Tue Mar 31 12:07:53 2026

Random number seed: 1774951673
128289 MB RAM detected; reserving 64144 MB for main workspace.
22665064 variants loaded from .bim file.
404 people (202 males, 202 females) loaded from .fam.
--extract: 61 variants remaining.
Using up to 23 threads (change this with --threads).
Before main variant filters, 404 founders and 0 nonfounders present.
Calculating allele frequencies... done.
Total genotyping rate is exactly 1.
61 variants and 404 people pass filters and QC.
Note: No phenotypes present.
--r2 to CYP1A2_rs_LD.ld ... done.

End time: Tue Mar 31 12:07:58 2026
